('total_parameters:', 256872)
load data:  data/gridworld_16.mat
statebatchsize:  10
Xtrain shape:  (194110, 16, 16, 2)
Strain.shape:  (194110, 16, 16, 1)
ytrain.shape:  (194110, 1)
imsize =  16
k =  2
     Epoch | Train Cost |  Train Err | Epoch Time
         0 |   0.468759 |   0.163024 |    372.209
Accuracy: 90.2417158943%
         1 |   0.235007 |  0.0796806 |    357.256
Accuracy: 92.6063301827%
         2 |   0.181811 |  0.0609634 |    357.128
Accuracy: 93.9045497957%
         3 |   0.151333 |  0.0505616 |    356.802
Accuracy: 93.9261867908%
         4 |   0.135094 |  0.0442658 |    356.673
Accuracy: 94.5289316117%
         5 |   0.121462 |   0.040067 |    357.315
Accuracy: 94.2538326946%
         6 |   0.112895 |  0.0365121 |    357.125
Accuracy: 94.3063796777%
         7 |   0.103972 |  0.0336218 |    357.158
Accuracy: 94.3774726573%
         8 |  0.0966646 |  0.0311231 |    356.475
Accuracy: 94.3651086637%
         9 |  0.0911326 |  0.0292169 |    357.232
Accuracy: 94.3125616787%
learning_rate decay to:  0.0001
        10 |  0.0574294 |  0.0189799 |    357.475
Accuracy: 96.1393421309%
        11 |  0.0444332 |  0.0141783 |    357.237
Accuracy: 96.1424331291%
        12 |  0.0399663 |  0.0126636 |    357.554
Accuracy: 96.0713401503%
        13 |  0.0368455 |  0.0112056 |    356.969
Accuracy: 95.9940651738%
        14 |  0.0343652 |  0.0101391 |     357.08
Accuracy: 96.0342481636%
        15 |  0.0322331 | 0.00926842 |    357.455
Accuracy: 96.0033381739%
        16 |  0.0304686 | 0.00854199 |    357.252
Accuracy: 95.9631551856%
        17 |  0.0288393 | 0.00784132 |    357.258
Accuracy: 95.9817011813%
        18 |  0.0272724 | 0.00723339 |    356.476
Accuracy: 95.9384271941%
        19 |  0.0259014 | 0.00657908 |    357.319
Accuracy: 95.9353361953%
learning_rate decay to:  1e-05
        20 |   0.023124 | 0.00621844 |    357.546
Accuracy: 95.9847921793%
        21 |  0.0217652 | 0.00574961 |     357.28
Accuracy: 95.9569731876%
        22 |  0.0212712 | 0.00552808 |     357.63
Accuracy: 95.9847921782%
        23 |  0.0209225 | 0.00538897 |     356.96
Accuracy: 95.9662461836%
        24 |  0.0206257 | 0.00525502 |     357.57
Accuracy: 95.9507911892%
        25 |   0.020367 | 0.00513138 |     356.77
Accuracy: 95.9415181921%
        26 |  0.0201249 | 0.00500258 |     357.21
Accuracy: 95.9569731876%
        27 |   0.019907 | 0.00493045 |    357.152
Accuracy: 95.9507911894%
        28 |  0.0197041 | 0.00484286 |    357.243
Accuracy: 95.9477001898%
        29 |  0.0195095 | 0.00474498 |    356.842
Accuracy: 95.9477001898%
Finished training!
