('total_parameters:', 256920)
load data:  data/gridworld_16.mat
statebatchsize:  10
Xtrain shape:  (194110, 16, 16, 2)
Strain.shape:  (194110, 16, 16, 1)
ytrain.shape:  (194110, 1)
imsize =  16
k =  4
     Epoch | Train Cost |  Train Err | Epoch Time
         0 |    0.48248 |   0.169459 |    640.136
Accuracy: 90.7393667471%
         1 |    0.24895 |  0.0842143 |    635.708
Accuracy: 92.3188672722%
         2 |   0.201043 |  0.0662442 |     634.59
Accuracy: 93.0359790618%
         3 |   0.177834 |   0.057424 |    634.166
Accuracy: 93.9941887722%
         4 |   0.162131 |   0.051458 |    638.204
Accuracy: 93.97873377%
         5 |   0.146945 |  0.0466203 |    634.049
Accuracy: 93.9756427751%
         6 |   0.137877 |  0.0422772 |    633.815
Accuracy: 93.7809098343%
         7 |   0.125029 |  0.0389438 |    633.235
Accuracy: 93.9045497998%
         8 |   0.113779 |  0.0357393 |    635.392
Accuracy: 94.1703757158%
         9 |   0.108233 |  0.0325348 |    634.539
Accuracy: 93.97873378%
learning_rate decay to:  0.0001
        10 |  0.0642531 |   0.020304 |     633.82
Accuracy: 96.1084321407%
        11 |  0.0508786 |  0.0162339 |    634.788
Accuracy: 96.0898861458%
        12 |  0.0467651 |  0.0148068 |    634.998
Accuracy: 96.0466121603%
        13 |  0.0436058 |  0.0135806 |    779.704
Accuracy: 96.0342481649%
        14 |  0.0411921 |  0.0127202 |    707.125
Accuracy: 96.0002471745%
        15 |  0.0394226 |  0.0116899 |    797.888
Accuracy: 95.9229721986%
        16 |  0.0375441 |  0.0109943 |    1042.17
Accuracy: 95.8735162144%
        17 |  0.0358758 |  0.0103246 |    1735.17
Accuracy: 95.8147872295%
        18 |  0.0343999 | 0.00975271 |    6427.42
Accuracy: 95.7993322339%
